<?xml version="1.0" encoding="UTF-8"?>
<!-- Generated by org.testng.reporters.JUnitReportReporter -->
<testsuite skipped="0" hostname="QA-SWAMYK" name="com.RedGreen.RunnerClasses.RunnerClassRemoveUnsecureApps" tests="2" failures="0" timestamp="2020-11-26T12:07:48 IST" time="39.490" errors="0">
  <testcase name="OpenRedGreenApp" time="9.872" classname="com.RedGreen.RunnerClasses.RunnerClassRemoveUnsecureApps"/>
  <system-out/>
  <testcase name="removeunsecureapp" time="29.618" classname="com.RedGreen.RunnerClasses.RunnerClassRemoveUnsecureApps"/>
  <system-out/>
</testsuite> <!-- com.RedGreen.RunnerClasses.RunnerClassRemoveUnsecureApps -->
