<?xml version="1.0" encoding="UTF-8"?>
<!-- Generated by org.testng.reporters.JUnitReportReporter -->
<testsuite skipped="0" hostname="QA-SWAMYK" name="com.RedGreen.RunnerClasses.RunnerClassAppMngrRUAppsNotExist" tests="2" failures="0" timestamp="2020-12-20T22:46:59 IST" time="22.551" errors="0">
  <testcase name="OpenRedGreenApp" time="9.720" classname="com.RedGreen.RunnerClasses.RunnerClassAppMngrRUAppsNotExist"/>
  <system-out/>
  <testcase name="NoUnsecuredAppsVerified" time="12.831" classname="com.RedGreen.RunnerClasses.RunnerClassAppMngrRUAppsNotExist"/>
  <system-out/>
</testsuite> <!-- com.RedGreen.RunnerClasses.RunnerClassAppMngrRUAppsNotExist -->
