<?xml version="1.0" encoding="UTF-8"?>
<!-- Generated by org.testng.reporters.JUnitReportReporter -->
<testsuite skipped="0" hostname="QA-SWAMYK" name="com.RedGreen.RunnerClasses.RunnnerClassSpeedbooster" tests="2" failures="0" timestamp="2021-01-18T15:59:10 IST" time="404.195" errors="0">
  <testcase name="Runner" time="10.941" classname="com.RedGreen.RunnerClasses.RunnnerClassSpeedbooster"/>
  <system-out/>
  <testcase name="Speedbooster" time="393.254" classname="com.RedGreen.RunnerClasses.RunnnerClassSpeedbooster"/>
  <system-out/>
</testsuite> <!-- com.RedGreen.RunnerClasses.RunnnerClassSpeedbooster -->
