<?xml version="1.0" encoding="UTF-8"?>
<!-- Generated by org.testng.reporters.JUnitReportReporter -->
<testsuite skipped="0" hostname="QA-SWAMYK" name="com.RedGreen.RunnerClasses.RunnerClassAppLockTesting" tests="1" failures="0" timestamp="2021-01-04T17:13:59 IST" time="10.722" errors="0">
  <testcase name="OpenRedGreenApp" time="10.722" classname="com.RedGreen.RunnerClasses.RunnerClassAppLockTesting"/>
  <system-out/>
</testsuite> <!-- com.RedGreen.RunnerClasses.RunnerClassAppLockTesting -->
