<?xml version="1.0" encoding="UTF-8"?>
<!-- Generated by org.testng.reporters.JUnitReportReporter -->
<testsuite skipped="0" hostname="QA-SWAMYK" name="com.RedGreen.RunnerClasses.RunnerClassAppManagerRemoveUApp" tests="2" failures="0" timestamp="2021-07-16T17:49:33 IST" time="165.650" errors="0">
  <testcase name="OpenRedGreenApp" time="42.497" classname="com.RedGreen.RunnerClasses.RunnerClassAppManagerRemoveUApp"/>
  <system-out/>
  <testcase name="removeunsecureapp" time="123.153" classname="com.RedGreen.RunnerClasses.RunnerClassAppManagerRemoveUApp"/>
  <system-out/>
</testsuite> <!-- com.RedGreen.RunnerClasses.RunnerClassAppManagerRemoveUApp -->
