<?xml version="1.0" encoding="UTF-8"?>
<!-- Generated by org.testng.reporters.JUnitReportReporter -->
<testsuite skipped="0" hostname="QA-SWAMYK" name="com.RedGreen.RunnerClasses.RunnerClassAppLockChangePassword" tests="2" failures="0" timestamp="2021-01-20T12:33:02 IST" time="155.115" errors="0">
  <testcase name="OpenRedGreenApp" time="10.311" classname="com.RedGreen.RunnerClasses.RunnerClassAppLockChangePassword"/>
  <system-out/>
  <testcase name="AppLockChangePasswordclick1" time="144.804" classname="com.RedGreen.RunnerClasses.RunnerClassAppLockChangePassword"/>
  <system-out/>
</testsuite> <!-- com.RedGreen.RunnerClasses.RunnerClassAppLockChangePassword -->
