<?xml version="1.0" encoding="UTF-8"?>
<!-- Generated by org.testng.reporters.JUnitReportReporter -->
<testsuite skipped="0" hostname="QA-SWAMYK" name="com.RedGreen.RunnerClasses.RunnerClassAppManagerUsedandnotUsedapps2" tests="2" failures="0" timestamp="2021-02-01T22:29:49 IST" time="191.173" errors="0">
  <testcase name="OpenRedGreenApp" time="13.135" classname="com.RedGreen.RunnerClasses.RunnerClassAppManagerUsedandnotUsedapps2"/>
  <system-out/>
  <testcase name="removeunsecureapp" time="178.038" classname="com.RedGreen.RunnerClasses.RunnerClassAppManagerUsedandnotUsedapps2"/>
  <system-out/>
</testsuite> <!-- com.RedGreen.RunnerClasses.RunnerClassAppManagerUsedandnotUsedapps2 -->
