<?xml version="1.0" encoding="UTF-8"?>
<!-- Generated by org.testng.reporters.JUnitReportReporter -->
<testsuite skipped="0" hostname="QA-SWAMYK" name="com.RedGreen.RunnerClasses.RunnerClassSaveBattery" tests="2" failures="0" timestamp="2021-01-21T16:45:09 IST" time="305.644" errors="0">
  <testcase name="OpenRedGreenApp" time="10.229" classname="com.RedGreen.RunnerClasses.RunnerClassSaveBattery"/>
  <system-out/>
  <testcase name="removeunsecureapp" time="295.415" classname="com.RedGreen.RunnerClasses.RunnerClassSaveBattery"/>
  <system-out/>
</testsuite> <!-- com.RedGreen.RunnerClasses.RunnerClassSaveBattery -->
