<?xml version="1.0" encoding="UTF-8"?>
<!-- Generated by org.testng.reporters.JUnitReportReporter -->
<testsuite skipped="0" hostname="QA-SWAMYK" name="com.RedGreen.RunnerClasses.RunnerClassAppLockPinSetup" tests="2" failures="0" timestamp="2021-02-02T09:24:06 IST" time="195.347" errors="0">
  <testcase name="OpenRedGreenApp" time="14.475" classname="com.RedGreen.RunnerClasses.RunnerClassAppLockPinSetup"/>
  <system-out/>
  <testcase name="AppLockpinsetupwithpermissionclick" time="180.872" classname="com.RedGreen.RunnerClasses.RunnerClassAppLockPinSetup"/>
  <system-out/>
</testsuite> <!-- com.RedGreen.RunnerClasses.RunnerClassAppLockPinSetup -->
