<?xml version="1.0" encoding="UTF-8"?>
<!-- Generated by org.testng.reporters.JUnitReportReporter -->
<testsuite skipped="0" hostname="QA-SWAMYK" name="com.RedGreen.RunnerClasses.RunnerClassAppManagerRemoveUApps" tests="2" failures="0" timestamp="2021-01-29T11:04:40 IST" time="163.726" errors="0">
  <testcase name="OpenRedGreenApp" time="21.809" classname="com.RedGreen.RunnerClasses.RunnerClassAppManagerRemoveUApps"/>
  <system-out/>
  <testcase name="appmanagerverifyingunsecureappavailableornot" time="141.917" classname="com.RedGreen.RunnerClasses.RunnerClassAppManagerRemoveUApps"/>
  <system-out/>
</testsuite> <!-- com.RedGreen.RunnerClasses.RunnerClassAppManagerRemoveUApps -->
