<?xml version="1.0" encoding="UTF-8"?>
<!-- Generated by org.testng.reporters.JUnitReportReporter -->
<testsuite skipped="0" hostname="QA-SWAMYK" name="com.RedGreen.RunnerClasses.RunnerClassAppManagerRUAppsNotExist" tests="2" failures="0" timestamp="2020-12-22T15:21:50 IST" time="30.675" errors="0">
  <testcase name="OpenRedGreenApp" time="9.059" classname="com.RedGreen.RunnerClasses.RunnerClassAppManagerRUAppsNotExist"/>
  <system-out/>
  <testcase name="NoUnsecuredAppsVerified" time="21.616" classname="com.RedGreen.RunnerClasses.RunnerClassAppManagerRUAppsNotExist"/>
  <system-out/>
</testsuite> <!-- com.RedGreen.RunnerClasses.RunnerClassAppManagerRUAppsNotExist -->
