<?xml version="1.0" encoding="UTF-8"?>
<!-- Generated by org.testng.reporters.JUnitReportReporter -->
<testsuite skipped="0" hostname="QA-SWAMYK" name="com.RedGreen.RunnerClasses.RunnnerClassSettings" tests="2" failures="0" timestamp="2021-01-12T22:29:40 IST" time="88.065" errors="0">
  <testcase name="Runner" time="12.470" classname="com.RedGreen.RunnerClasses.RunnnerClassSettings"/>
  <system-out/>
  <testcase name="Speedbooster" time="75.595" classname="com.RedGreen.RunnerClasses.RunnnerClassSettings"/>
  <system-out/>
</testsuite> <!-- com.RedGreen.RunnerClasses.RunnnerClassSettings -->
