<?xml version="1.0" encoding="UTF-8"?>
<!-- Generated by org.testng.reporters.JUnitReportReporter -->
<testsuite skipped="0" hostname="QA-SWAMYK" name="com.RedGreen.RunnerClasses.RunnerClassAppMngrRUApp" tests="2" failures="0" timestamp="2020-12-22T17:30:53 IST" time="74.648" errors="0">
  <testcase name="OpenRedGreenApp" time="15.792" classname="com.RedGreen.RunnerClasses.RunnerClassAppMngrRUApp"/>
  <system-out/>
  <testcase name="removeunsecureapp" time="58.856" classname="com.RedGreen.RunnerClasses.RunnerClassAppMngrRUApp"/>
  <system-out/>
</testsuite> <!-- com.RedGreen.RunnerClasses.RunnerClassAppMngrRUApp -->
