<?xml version="1.0" encoding="UTF-8"?>
<!-- Generated by org.testng.reporters.JUnitReportReporter -->
<testsuite skipped="0" hostname="QA-SWAMYK" name="com.RedGreen.RunnerClasses.RunnerClassZ1_RedGreen_AppLock" tests="2" failures="0" timestamp="2021-01-21T16:37:56 IST" time="417.348" errors="0">
  <testcase name="OpenRedGreenAppAgin" time="11.303" classname="com.RedGreen.RunnerClasses.RunnerClassZ1_RedGreen_AppLock"/>
  <system-out/>
  <testcase name="savebatteryLock" time="406.045" classname="com.RedGreen.RunnerClasses.RunnerClassZ1_RedGreen_AppLock"/>
  <system-out/>
</testsuite> <!-- com.RedGreen.RunnerClasses.RunnerClassZ1_RedGreen_AppLock -->
