<?xml version="1.0" encoding="UTF-8"?>
<!-- Generated by org.testng.reporters.JUnitReportReporter -->
<testsuite skipped="0" hostname="QA-SWAMYK" name="com.RedGreen.RunnerClasses.RunnerClassWOP" tests="2" failures="0" timestamp="2020-11-17T18:08:09 IST" time="54.848" errors="0">
  <testcase name="OpenRedGreenApp" time="19.325" classname="com.RedGreen.RunnerClasses.RunnerClassWOP"/>
  <system-out/>
  <testcase name="appmanagerverifyingunsecureappavailableornot" time="35.523" classname="com.RedGreen.RunnerClasses.RunnerClassWOP"/>
  <system-out/>
</testsuite> <!-- com.RedGreen.RunnerClasses.RunnerClassWOP -->
