<?xml version="1.0" encoding="UTF-8"?>
<!-- Generated by org.testng.reporters.JUnitReportReporter -->
<testsuite skipped="0" hostname="QA-SWAMYK" name="com.RedGreen.RunnerClasses.RunnerClassZRedGreen" tests="6" failures="0" timestamp="2021-01-20T15:01:29 IST" time="819.220" errors="0">
  <testcase name="OpenRedGreenApp" time="12.029" classname="com.RedGreen.RunnerClasses.RunnerClassZRedGreen"/>
  <system-out/>
  <testcase name="removeunsecureapp" time="125.604" classname="com.RedGreen.RunnerClasses.RunnerClassZRedGreen"/>
  <system-out/>
  <testcase name="OpenRedGreenAppAgin" time="11.096" classname="com.RedGreen.RunnerClasses.RunnerClassZRedGreen"/>
  <system-out/>
  <testcase name="savebatteryLock" time="112.278" classname="com.RedGreen.RunnerClasses.RunnerClassZRedGreen"/>
  <system-out/>
  <testcase name="OpenRedGreenAppAgain" time="11.048" classname="com.RedGreen.RunnerClasses.RunnerClassZRedGreen"/>
  <system-out/>
  <testcase name="setting" time="547.165" classname="com.RedGreen.RunnerClasses.RunnerClassZRedGreen"/>
  <system-out/>
</testsuite> <!-- com.RedGreen.RunnerClasses.RunnerClassZRedGreen -->
