<?xml version="1.0" encoding="UTF-8"?>
<!-- Generated by org.testng.reporters.JUnitReportReporter -->
<testsuite skipped="0" hostname="QA-SWAMYK" name="com.RedGreen.RunnerClasses.RunnerClassAppManagerRemoveUAppsNotExist" tests="2" failures="0" timestamp="2021-01-18T15:25:58 IST" time="43.271" errors="0">
  <testcase name="OpenRedGreenApp" time="15.394" classname="com.RedGreen.RunnerClasses.RunnerClassAppManagerRemoveUAppsNotExist"/>
  <system-out/>
  <testcase name="NoUnsecuredAppsVerified" time="27.877" classname="com.RedGreen.RunnerClasses.RunnerClassAppManagerRemoveUAppsNotExist"/>
  <system-out/>
</testsuite> <!-- com.RedGreen.RunnerClasses.RunnerClassAppManagerRemoveUAppsNotExist -->
