<?xml version="1.0" encoding="UTF-8"?>
<!-- Generated by org.testng.reporters.JUnitReportReporter -->
<testsuite skipped="0" hostname="QA-SWAMYK" name="com.RedGreen.RunnerClasses.RunnerClassAppLockForgotPassword" tests="2" failures="0" timestamp="2021-02-10T10:23:51 IST" time="240.080" errors="0">
  <testcase name="OpenRedGreenApp" time="14.216" classname="com.RedGreen.RunnerClasses.RunnerClassAppLockForgotPassword"/>
  <system-out/>
  <testcase name="AppLockwithoutpermissionsForgotPassword" time="225.864" classname="com.RedGreen.RunnerClasses.RunnerClassAppLockForgotPassword"/>
  <system-out/>
</testsuite> <!-- com.RedGreen.RunnerClasses.RunnerClassAppLockForgotPassword -->
