<?xml version="1.0" encoding="UTF-8"?>
<!-- Generated by org.testng.reporters.JUnitReportReporter -->
<testsuite skipped="0" hostname="QA-SWAMYK" name="com.RedGreen.RunnerClasses.RunnerClassSettings" tests="2" failures="0" timestamp="2021-01-21T17:02:29 IST" time="927.754" errors="0">
  <testcase name="Runner" time="10.095" classname="com.RedGreen.RunnerClasses.RunnerClassSettings"/>
  <system-out/>
  <testcase name="Preferences" time="917.659" classname="com.RedGreen.RunnerClasses.RunnerClassSettings"/>
  <system-out/>
</testsuite> <!-- com.RedGreen.RunnerClasses.RunnerClassSettings -->
