<?xml version="1.0" encoding="UTF-8"?>
<!-- Generated by org.testng.reporters.JUnitReportReporter -->
<testsuite skipped="0" hostname="QA-SWAMYK" name="com.RedGreen.RunnerClasses.RunnerClassSetting1" tests="2" failures="0" timestamp="2021-01-15T15:18:34 IST" time="580.584" errors="0">
  <testcase name="Runner" time="26.300" classname="com.RedGreen.RunnerClasses.RunnerClassSetting1"/>
  <system-out/>
  <testcase name="Preferences" time="554.284" classname="com.RedGreen.RunnerClasses.RunnerClassSetting1"/>
  <system-out/>
</testsuite> <!-- com.RedGreen.RunnerClasses.RunnerClassSetting1 -->
