<?xml version="1.0" encoding="UTF-8"?>
<!-- Generated by org.testng.reporters.JUnitReportReporter -->
<testsuite skipped="0" hostname="QA-SWAMYK" name="com.RedGreen.RunnerClasses.RunnerClassUnsecureAppsNotExist" tests="2" failures="0" timestamp="2020-11-17T15:54:59 IST" time="36.594" errors="0">
  <testcase name="OpenRedGreenApp" time="9.815" classname="com.RedGreen.RunnerClasses.RunnerClassUnsecureAppsNotExist"/>
  <system-out/>
  <testcase name="NoUnsecuredAppsVerified" time="26.779" classname="com.RedGreen.RunnerClasses.RunnerClassUnsecureAppsNotExist"/>
  <system-out/>
</testsuite> <!-- com.RedGreen.RunnerClasses.RunnerClassUnsecureAppsNotExist -->
