<?xml version="1.0" encoding="UTF-8"?>
<!-- Generated by org.testng.reporters.JUnitReportReporter -->
<testsuite skipped="0" hostname="QA-SWAMYK" name="com.RedGreen.RunnerClasses.ZRunnerClassRedGreen_AppManager_And_SpeedBooster" tests="2" failures="0" timestamp="2021-02-17T10:23:16 IST" time="641.647" errors="0">
  <testcase name="OpenRedGreenApp" time="22.879" classname="com.RedGreen.RunnerClasses.ZRunnerClassRedGreen_AppManager_And_SpeedBooster"/>
  <system-out/>
  <testcase name="removeunsecureapp" time="618.768" classname="com.RedGreen.RunnerClasses.ZRunnerClassRedGreen_AppManager_And_SpeedBooster"/>
  <system-out/>
</testsuite> <!-- com.RedGreen.RunnerClasses.ZRunnerClassRedGreen_AppManager_And_SpeedBooster -->
