<?xml version="1.0" encoding="UTF-8"?>
<!-- Generated by org.testng.reporters.JUnitReportReporter -->
<testsuite skipped="0" hostname="QA-SWAMYK" name="com.RedGreen.RunnerClasses.RunnerClassSpeedbooster" tests="2" failures="0" timestamp="2021-01-21T16:29:16 IST" time="429.628" errors="0">
  <testcase name="Runner" time="10.495" classname="com.RedGreen.RunnerClasses.RunnerClassSpeedbooster"/>
  <system-out/>
  <testcase name="Speedbooster" time="419.133" classname="com.RedGreen.RunnerClasses.RunnerClassSpeedbooster"/>
  <system-out/>
</testsuite> <!-- com.RedGreen.RunnerClasses.RunnerClassSpeedbooster -->
