<?xml version="1.0" encoding="UTF-8"?>
<!-- Generated by org.testng.reporters.JUnitReportReporter -->
<testsuite skipped="0" hostname="QA-SWAMYK" name="com.RedGreen.RunnerClasses.RunnerClassZ1_RedGreen_AppManager" tests="2" failures="0" timestamp="2021-02-10T10:18:53 IST" time="569.517" errors="0">
  <testcase name="OpenRedGreenApp" time="25.919" classname="com.RedGreen.RunnerClasses.RunnerClassZ1_RedGreen_AppManager"/>
  <system-out/>
  <testcase name="removeunsecureapp" time="543.598" classname="com.RedGreen.RunnerClasses.RunnerClassZ1_RedGreen_AppManager"/>
  <system-out/>
</testsuite> <!-- com.RedGreen.RunnerClasses.RunnerClassZ1_RedGreen_AppManager -->
