<?xml version="1.0" encoding="UTF-8"?>
<!-- Generated by org.testng.reporters.JUnitReportReporter -->
<testsuite skipped="0" hostname="QA-SWAMYK" name="com.RedGreen.RunnerClasses.RunnerClassRUApps" tests="3" failures="0" timestamp="2020-11-16T12:24:31 IST" time="49.515" errors="0">
  <testcase name="OpenRedGreenApp" time="9.045" classname="com.RedGreen.RunnerClasses.RunnerClassRUApps"/>
  <system-out/>
  <testcase name="SplashScreenvalidationsAllowingphonesandmedia" time="7.500" classname="com.RedGreen.RunnerClasses.RunnerClassRUApps"/>
  <system-out/>
  <testcase name="removeunsecureapp" time="32.970" classname="com.RedGreen.RunnerClasses.RunnerClassRUApps"/>
  <system-out/>
</testsuite> <!-- com.RedGreen.RunnerClasses.RunnerClassRUApps -->
