<?xml version="1.0" encoding="UTF-8"?>
<!-- Generated by org.testng.reporters.JUnitReportReporter -->
<testsuite skipped="0" hostname="QA-SWAMYK" name="com.RedGreen.RunnerClasses.RunnerClassSettings1" tests="2" failures="0" timestamp="2021-01-20T20:13:24 IST" time="891.891" errors="0">
  <testcase name="Runner" time="10.752" classname="com.RedGreen.RunnerClasses.RunnerClassSettings1"/>
  <system-out/>
  <testcase name="Preferences" time="881.139" classname="com.RedGreen.RunnerClasses.RunnerClassSettings1"/>
  <system-out/>
</testsuite> <!-- com.RedGreen.RunnerClasses.RunnerClassSettings1 -->
