<?xml version="1.0" encoding="UTF-8"?>
<!-- Generated by org.testng.reporters.JUnitReportReporter -->
<testsuite skipped="0" hostname="QA-SWAMYK" name="com.RedGreen.RunnerClasses.RunnerClassAppManagerUsedandnotUsedapps" tests="2" failures="0" timestamp="2021-01-18T13:02:35 IST" time="235.332" errors="0">
  <testcase name="OpenRedGreenApp" time="21.965" classname="com.RedGreen.RunnerClasses.RunnerClassAppManagerUsedandnotUsedapps"/>
  <system-out/>
  <testcase name="removeunsecureapp" time="213.367" classname="com.RedGreen.RunnerClasses.RunnerClassAppManagerUsedandnotUsedapps"/>
  <system-out/>
</testsuite> <!-- com.RedGreen.RunnerClasses.RunnerClassAppManagerUsedandnotUsedapps -->
