<?xml version="1.0" encoding="UTF-8"?>
<!-- Generated by org.testng.reporters.JUnitReportReporter -->
<testsuite skipped="0" hostname="QA-SWAMYK" name="com.RedGreen.RunnerClasses.ZRunnerClassRedGreen_SaveBattery_And_AppLock" tests="2" failures="0" timestamp="2021-02-17T10:39:17 IST" time="656.420" errors="0">
  <testcase name="OpenRedGreenApp" time="10.634" classname="com.RedGreen.RunnerClasses.ZRunnerClassRedGreen_SaveBattery_And_AppLock"/>
  <system-out/>
  <testcase name="removeunsecureapp" time="645.786" classname="com.RedGreen.RunnerClasses.ZRunnerClassRedGreen_SaveBattery_And_AppLock"/>
  <system-out/>
</testsuite> <!-- com.RedGreen.RunnerClasses.ZRunnerClassRedGreen_SaveBattery_And_AppLock -->
