<?xml version="1.0" encoding="UTF-8"?>
<!-- Generated by org.testng.reporters.JUnitReportReporter -->
<testsuite skipped="0" hostname="QA-SWAMYK" name="com.RedGreen.RunnerClasses.RunnerClassAppMngrRUApps" tests="2" failures="0" timestamp="2020-11-26T13:58:21 IST" time="49.837" errors="0">
  <testcase name="OpenRedGreenApp" time="9.686" classname="com.RedGreen.RunnerClasses.RunnerClassAppMngrRUApps"/>
  <system-out/>
  <testcase name="appmanagerverifyingunsecureappavailableornot" time="40.151" classname="com.RedGreen.RunnerClasses.RunnerClassAppMngrRUApps"/>
  <system-out/>
</testsuite> <!-- com.RedGreen.RunnerClasses.RunnerClassAppMngrRUApps -->
